<!DOCTYPE html PUBLIC "-//W3C//DTD XHTML 1.1//EN" "http://www.w3.org/TR/xhtml11/DTD/xhtml11.dtd">
<html xmlns="http://www.w3.org/1999/xhtml"><head><title>TestNG Report</title><style type="text/css">table {margin-bottom:10px;border-collapse:collapse;empty-cells:show}th,td {border:1px solid #009;padding:.25em .5em}th {vertical-align:bottom}td {vertical-align:top}table a {font-weight:bold}.stripe td {background-color: #E6EBF9}.num {text-align:right}.passedodd td {background-color: #3F3}.passedeven td {background-color: #0A0}.skippedodd td {background-color: #DDD}.skippedeven td {background-color: #CCC}.failedodd td,.attn {background-color: #F33}.failedeven td,.stripe .attn {background-color: #D00}.stacktrace {white-space:pre;font-family:monospace}.totop {font-size:85%;text-align:center;border-bottom:2px solid #000}</style></head><body><table><tr><th>Test</th><th># Passed</th><th># Skipped</th><th># Failed</th><th>Time (ms)</th><th>Included Groups</th><th>Excluded Groups</th></tr><tr><th colspan="7">Default suite</th></tr><tr><td><a href="#t0">Default test</a></td><td class="num">0</td><td class="num">0</td><td class="num attn">1</td><td class="num">46,834</td><td></td><td></td></tr></table><table><thead><tr><th>Class</th><th>Method</th><th>Start</th><th>Time (ms)</th></tr></thead><tbody><tr><th colspan="4">Default suite</th></tr></tbody><tbody id="t0"><tr><th colspan="4">Default test &#8212; failed</th></tr><tr class="failedeven"><td rowspan="1">KDF.KeywordFramework</td><td><a href="#m0">keywordDriver</a></td><td rowspan="1">1450766975509</td><td rowspan="1">46814</td></tr></tbody></table><h2>Default test</h2><h3 id="m0">KDF.KeywordFramework#keywordDriver</h3><table class="result"><tr><th>Exception</th></tr><tr><td><div class="stacktrace">org.openqa.selenium.WebDriverException: Failed to connect to binary FirefoxBinary(C:\Program Files (x86)\Mozilla Firefox\firefox.exe) on port 7055; process output follows: 
450766977805	addons.xpi	DEBUG	getModTime: Recursive scan of {972ce4c6-7e08-4474-a285-3208198ce6fd}
1450766977806	addons.xpi	DEBUG	Updating XPIState for {&quot;id&quot;:&quot;{9F17B1A2-7317-49ef-BCB7-7BB47BDE10F8}&quot;,&quot;syncGUID&quot;:&quot;nxDM6yo6mW8P&quot;,&quot;location&quot;:&quot;winreg-app-global&quot;,&quot;version&quot;:&quot;11.50&quot;,&quot;type&quot;:&quot;extension&quot;,&quot;internalName&quot;:null,&quot;updateURL&quot;:null,&quot;updateKey&quot;:null,&quot;optionsURL&quot;:null,&quot;optionsType&quot;:null,&quot;aboutURL&quot;:null,&quot;iconURL&quot;:null,&quot;icon64URL&quot;:null,&quot;defaultLocale&quot;:{&quot;name&quot;:&quot;Unified Functional Testing Extension&quot;,&quot;description&quot;:&quot;Enables HP Unified Functional Testing to work with Firefox.&quot;,&quot;creator&quot;:&quot;Hewlett-Packard Development Company, L.P.&quot;,&quot;homepageURL&quot;:null},&quot;visible&quot;:false,&quot;active&quot;:false,&quot;userDisabled&quot;:true,&quot;appDisabled&quot;:true,&quot;descriptor&quot;:&quot;C:\\Program Files (x86)\\HP\\Unified Functional Testing\\\\bin\\Mozilla\\Common&quot;,&quot;installDate&quot;:1438923465150,&quot;updateDate&quot;:1438923465150,&quot;applyBackgroundUpdates&quot;:1,&quot;bootstrap&quot;:false,&quot;size&quot;:26827179,&quot;sourceURI&quot;:null,&quot;releaseNotesURI&quot;:null,&quot;softDisabled&quot;:false,&quot;foreignInstall&quot;:true,&quot;hasBinaryComponents&quot;:true,&quot;strictCompatibility&quot;:false,&quot;locales&quot;:[],&quot;targetApplications&quot;:[{&quot;id&quot;:&quot;{ec8030f7-c20a-464f-9b0e-13a3a9e97384}&quot;,&quot;minVersion&quot;:&quot;3.0&quot;,&quot;maxVersion&quot;:&quot;15.0.*&quot;}],&quot;targetPlatforms&quot;:[],&quot;multiprocessCompatible&quot;:false,&quot;signedState&quot;:0}
1450766977806	DeferredSave.extensions.json	DEBUG	Save changes
1450766977807	addons.xpi	DEBUG	Updating database with changes to installed add-ons
1450766977807	addons.xpi-utils	DEBUG	Updating add-on states
1450766977807	addons.xpi-utils	DEBUG	Writing add-ons list
1450766977810	addons.xpi	DEBUG	Registering manifest for C:\Program Files (x86)\Mozilla Firefox\browser\extensions\{82AF8DCA-6DE9-405D-BD5E-43525BDAD38A}.xpi
1450766977810	addons.xpi	DEBUG	Calling bootstrap method startup on {82AF8DCA-6DE9-405D-BD5E-43525BDAD38A} version 7.5.0.9082
1450766977861	addons.manager	DEBUG	Registering shutdown blocker for XPIProvider
1450766977862	addons.manager	DEBUG	Provider finished startup: XPIProvider
1450766977862	addons.manager	DEBUG	Starting provider: LightweightThemeManager
1450766977862	addons.manager	DEBUG	Registering shutdown blocker for LightweightThemeManager
1450766977862	addons.manager	DEBUG	Provider finished startup: LightweightThemeManager
1450766977862	addons.manager	DEBUG	Starting provider: GMPProvider
1450766977868	addons.manager	DEBUG	Registering shutdown blocker for GMPProvider
1450766977868	addons.manager	DEBUG	Provider finished startup: GMPProvider
1450766977868	addons.manager	DEBUG	Starting provider: PluginProvider
1450766977869	addons.manager	DEBUG	Registering shutdown blocker for PluginProvider
1450766977869	addons.manager	DEBUG	Provider finished startup: PluginProvider
1450766977869	addons.manager	DEBUG	Completed startup sequence
1450766978961	addons.manager	DEBUG	Starting provider: &lt;unnamed-provider&gt;
1450766978961	addons.manager	DEBUG	Registering shutdown blocker for &lt;unnamed-provider&gt;
1450766978961	addons.manager	DEBUG	Provider finished startup: &lt;unnamed-provider&gt;
1450766980263	DeferredSave.extensions.json	DEBUG	Write succeeded
1450766980263	addons.xpi-utils	DEBUG	XPI Database saved, setting schema version preference to 17
1450766980264	DeferredSave.extensions.json	DEBUG	Starting timer
1450766980305	DeferredSave.extensions.json	DEBUG	Starting write
1450766980320	addons.repository	DEBUG	No addons.json found.
1450766980323	DeferredSave.addons.json	DEBUG	Save changes
1450766980328	DeferredSave.addons.json	DEBUG	Starting timer
1450766980346	addons.manager	DEBUG	Starting provider: PreviousExperimentProvider
1450766980346	addons.manager	DEBUG	Registering shutdown blocker for PreviousExperimentProvider
1450766980347	addons.manager	DEBUG	Provider finished startup: PreviousExperimentProvider
1450766980362	DeferredSave.extensions.json	DEBUG	Write succeeded
1450766980386	DeferredSave.addons.json	DEBUG	Starting write
1450766980396	DeferredSave.addons.json	DEBUG	Write succeeded
JavaScript error: resource://skype_ff_extension-at-jetpack/skype_ff_extension/data/c2c_options_menu_localization.js, line 189: TypeError: document.getElementById(...) is null

Build info: version: &apos;2.46.0&apos;, revision: &apos;87c69e2&apos;, time: &apos;2015-06-04 16:16:47&apos;
System info: host: &apos;ramprasad-PC&apos;, ip: &apos;172.16.32.14&apos;, os.name: &apos;Windows 7&apos;, os.arch: &apos;amd64&apos;, os.version: &apos;6.1&apos;, java.version: &apos;1.8.0_65&apos;
Driver info: driver.version: FirefoxDriver
	at org.openqa.selenium.firefox.internal.NewProfileExtensionConnection.start(NewProfileExtensionConnection.java:132)
	at org.openqa.selenium.firefox.FirefoxDriver.startClient(FirefoxDriver.java:275)
	at org.openqa.selenium.remote.RemoteWebDriver.&lt;init&gt;(RemoteWebDriver.java:116)
	at org.openqa.selenium.firefox.FirefoxDriver.&lt;init&gt;(FirefoxDriver.java:222)
	at org.openqa.selenium.firefox.FirefoxDriver.&lt;init&gt;(FirefoxDriver.java:215)
	at org.openqa.selenium.firefox.FirefoxDriver.&lt;init&gt;(FirefoxDriver.java:211)
	at org.openqa.selenium.firefox.FirefoxDriver.&lt;init&gt;(FirefoxDriver.java:124)
	at KDF.kdf_class.launch(kdf_class.java:16)
	at KDF.KeywordFramework.keywordDriver(KeywordFramework.java:45)
	at sun.reflect.NativeMethodAccessorImpl.invoke0(Native Method)
	at sun.reflect.NativeMethodAccessorImpl.invoke(Unknown Source)
	at sun.reflect.DelegatingMethodAccessorImpl.invoke(Unknown Source)
	at java.lang.reflect.Method.invoke(Unknown Source)
	at org.testng.internal.MethodInvocationHelper.invokeMethod(MethodInvocationHelper.java:84)
	at org.testng.internal.Invoker.invokeMethod(Invoker.java:714)
	at org.testng.internal.Invoker.invokeTestMethod(Invoker.java:901)
	at org.testng.internal.Invoker.invokeTestMethods(Invoker.java:1231)
	at org.testng.internal.TestMethodWorker.invokeTestMethods(TestMethodWorker.java:127)
	at org.testng.internal.TestMethodWorker.run(TestMethodWorker.java:111)
	at org.testng.TestRunner.privateRun(TestRunner.java:767)
	at org.testng.TestRunner.run(TestRunner.java:617)
	at org.testng.SuiteRunner.runTest(SuiteRunner.java:334)
	at org.testng.SuiteRunner.runSequentially(SuiteRunner.java:329)
	at org.testng.SuiteRunner.privateRun(SuiteRunner.java:291)
	at org.testng.SuiteRunner.run(SuiteRunner.java:240)
	at org.testng.SuiteRunnerWorker.runSuite(SuiteRunnerWorker.java:52)
	at org.testng.SuiteRunnerWorker.run(SuiteRunnerWorker.java:86)
	at org.testng.TestNG.runSuitesSequentially(TestNG.java:1224)
	at org.testng.TestNG.runSuitesLocally(TestNG.java:1149)
	at org.testng.TestNG.run(TestNG.java:1057)
	at org.testng.remote.RemoteTestNG.run(RemoteTestNG.java:111)
	at org.testng.remote.RemoteTestNG.initAndRun(RemoteTestNG.java:204)
	at org.testng.remote.RemoteTestNG.main(RemoteTestNG.java:175)
Caused by: org.openqa.selenium.firefox.NotConnectedException: Unable to connect to host 127.0.0.1 on port 7055 after 45000 ms. Firefox console output:
450766977805	addons.xpi	DEBUG	getModTime: Recursive scan of {972ce4c6-7e08-4474-a285-3208198ce6fd}
1450766977806	addons.xpi	DEBUG	Updating XPIState for {&quot;id&quot;:&quot;{9F17B1A2-7317-49ef-BCB7-7BB47BDE10F8}&quot;,&quot;syncGUID&quot;:&quot;nxDM6yo6mW8P&quot;,&quot;location&quot;:&quot;winreg-app-global&quot;,&quot;version&quot;:&quot;11.50&quot;,&quot;type&quot;:&quot;extension&quot;,&quot;internalName&quot;:null,&quot;updateURL&quot;:null,&quot;updateKey&quot;:null,&quot;optionsURL&quot;:null,&quot;optionsType&quot;:null,&quot;aboutURL&quot;:null,&quot;iconURL&quot;:null,&quot;icon64URL&quot;:null,&quot;defaultLocale&quot;:{&quot;name&quot;:&quot;Unified Functional Testing Extension&quot;,&quot;description&quot;:&quot;Enables HP Unified Functional Testing to work with Firefox.&quot;,&quot;creator&quot;:&quot;Hewlett-Packard Development Company, L.P.&quot;,&quot;homepageURL&quot;:null},&quot;visible&quot;:false,&quot;active&quot;:false,&quot;userDisabled&quot;:true,&quot;appDisabled&quot;:true,&quot;descriptor&quot;:&quot;C:\\Program Files (x86)\\HP\\Unified Functional Testing\\\\bin\\Mozilla\\Common&quot;,&quot;installDate&quot;:1438923465150,&quot;updateDate&quot;:1438923465150,&quot;applyBackgroundUpdates&quot;:1,&quot;bootstrap&quot;:false,&quot;size&quot;:26827179,&quot;sourceURI&quot;:null,&quot;releaseNotesURI&quot;:null,&quot;softDisabled&quot;:false,&quot;foreignInstall&quot;:true,&quot;hasBinaryComponents&quot;:true,&quot;strictCompatibility&quot;:false,&quot;locales&quot;:[],&quot;targetApplications&quot;:[{&quot;id&quot;:&quot;{ec8030f7-c20a-464f-9b0e-13a3a9e97384}&quot;,&quot;minVersion&quot;:&quot;3.0&quot;,&quot;maxVersion&quot;:&quot;15.0.*&quot;}],&quot;targetPlatforms&quot;:[],&quot;multiprocessCompatible&quot;:false,&quot;signedState&quot;:0}
1450766977806	DeferredSave.extensions.json	DEBUG	Save changes
1450766977807	addons.xpi	DEBUG	Updating database with changes to installed add-ons
1450766977807	addons.xpi-utils	DEBUG	Updating add-on states
1450766977807	addons.xpi-utils	DEBUG	Writing add-ons list
1450766977810	addons.xpi	DEBUG	Registering manifest for C:\Program Files (x86)\Mozilla Firefox\browser\extensions\{82AF8DCA-6DE9-405D-BD5E-43525BDAD38A}.xpi
1450766977810	addons.xpi	DEBUG	Calling bootstrap method startup on {82AF8DCA-6DE9-405D-BD5E-43525BDAD38A} version 7.5.0.9082
1450766977861	addons.manager	DEBUG	Registering shutdown blocker for XPIProvider
1450766977862	addons.manager	DEBUG	Provider finished startup: XPIProvider
1450766977862	addons.manager	DEBUG	Starting provider: LightweightThemeManager
1450766977862	addons.manager	DEBUG	Registering shutdown blocker for LightweightThemeManager
1450766977862	addons.manager	DEBUG	Provider finished startup: LightweightThemeManager
1450766977862	addons.manager	DEBUG	Starting provider: GMPProvider
1450766977868	addons.manager	DEBUG	Registering shutdown blocker for GMPProvider
1450766977868	addons.manager	DEBUG	Provider finished startup: GMPProvider
1450766977868	addons.manager	DEBUG	Starting provider: PluginProvider
1450766977869	addons.manager	DEBUG	Registering shutdown blocker for PluginProvider
1450766977869	addons.manager	DEBUG	Provider finished startup: PluginProvider
1450766977869	addons.manager	DEBUG	Completed startup sequence
1450766978961	addons.manager	DEBUG	Starting provider: &lt;unnamed-provider&gt;
1450766978961	addons.manager	DEBUG	Registering shutdown blocker for &lt;unnamed-provider&gt;
1450766978961	addons.manager	DEBUG	Provider finished startup: &lt;unnamed-provider&gt;
1450766980263	DeferredSave.extensions.json	DEBUG	Write succeeded
1450766980263	addons.xpi-utils	DEBUG	XPI Database saved, setting schema version preference to 17
1450766980264	DeferredSave.extensions.json	DEBUG	Starting timer
1450766980305	DeferredSave.extensions.json	DEBUG	Starting write
1450766980320	addons.repository	DEBUG	No addons.json found.
1450766980323	DeferredSave.addons.json	DEBUG	Save changes
1450766980328	DeferredSave.addons.json	DEBUG	Starting timer
1450766980346	addons.manager	DEBUG	Starting provider: PreviousExperimentProvider
1450766980346	addons.manager	DEBUG	Registering shutdown blocker for PreviousExperimentProvider
1450766980347	addons.manager	DEBUG	Provider finished startup: PreviousExperimentProvider
1450766980362	DeferredSave.extensions.json	DEBUG	Write succeeded
1450766980386	DeferredSave.addons.json	DEBUG	Starting write
1450766980396	DeferredSave.addons.json	DEBUG	Write succeeded
JavaScript error: resource://skype_ff_extension-at-jetpack/skype_ff_extension/data/c2c_options_menu_localization.js, line 189: TypeError: document.getElementById(...) is null

	at org.openqa.selenium.firefox.internal.NewProfileExtensionConnection.start(NewProfileExtensionConnection.java:120)
	... 32 more
</div></td></tr></table><p class="totop"><a href="#summary">back to summary</a></p></body></html>